<?xml version="1.0" encoding="UTF-8"?>
<!-- Generated by org.testng.reporters.JUnitReportReporter -->
<testsuite hostname="DESKTOP-M0E0QKL" failures="0" tests="3" name="AssignmenTs.Assignment_03" time="14.133" errors="0" timestamp="2024-06-14T19:24:30 IST" skipped="0">
  <testcase classname="AssignmenTs.Assignment_03" name="login" time="5.749"/>
  <testcase classname="AssignmenTs.Assignment_03" name="login" time="3.018"/>
  <testcase classname="AssignmenTs.Assignment_03" name="login" time="5.366"/>
</testsuite> <!-- AssignmenTs.Assignment_03 -->
