<?xml version="1.0" encoding="UTF-8"?>
<!-- Generated by org.testng.reporters.JUnitReportReporter -->
<testsuite hostname="DESKTOP-M0E0QKL" failures="0" tests="3" name="Day02_07062024.DataProviderDemo" time="43.639" errors="0" timestamp="2024-06-17T15:01:45 IST" skipped="0">
  <testcase classname="Day02_07062024.DataProviderDemo" name="searchMobile" time="22.643"/>
  <testcase classname="Day02_07062024.DataProviderDemo" name="searchMobile" time="14.935"/>
  <testcase classname="Day02_07062024.DataProviderDemo" name="searchMobile" time="6.061"/>
</testsuite> <!-- Day02_07062024.DataProviderDemo -->
