<?xml version="1.0" encoding="UTF-8"?>
<!-- Generated by org.testng.reporters.JUnitReportReporter -->
<testsuite hostname="DESKTOP-M0E0QKL" failures="0" tests="2" name="Day02_07062024.GroupsDemo" time="0.047" errors="0" timestamp="2024-06-18T09:39:39 IST" skipped="0">
  <testcase classname="Day02_07062024.GroupsDemo" name="test2" time="0.014"/>
  <testcase classname="Day02_07062024.GroupsDemo" name="test1" time="0.033"/>
</testsuite> <!-- Day02_07062024.GroupsDemo -->
