<?xml version="1.0" encoding="UTF-8"?>
<!-- Generated by org.testng.reporters.JUnitReportReporter -->
<testsuite hostname="DESKTOP-M0E0QKL" failures="0" tests="1" name="Day01_05062024.AnnotationsDemo" time="0.011" errors="0" timestamp="2024-06-19T15:27:13 IST" skipped="0">
  <testcase classname="Day01_05062024.AnnotationsDemo" name="test" time="0.011"/>
</testsuite> <!-- Day01_05062024.AnnotationsDemo -->
