<?xml version="1.0" encoding="UTF-8"?>
<!-- Generated by org.testng.reporters.JUnitReportReporter -->
<testsuite hostname="DESKTOP-M0E0QKL" failures="0" tests="1" name="AssignmenTs.Assignment_04" time="18.348" errors="0" timestamp="2024-06-26T13:14:10 IST" skipped="0">
  <testcase classname="AssignmenTs.Assignment_04" name="data" time="18.348"/>
</testsuite> <!-- AssignmenTs.Assignment_04 -->
