<?xml version="1.0" encoding="UTF-8"?>
<!-- Generated by org.testng.reporters.JUnitReportReporter -->
<testsuite hostname="DESKTOP-M0E0QKL" failures="0" tests="1" name="Day02_07062024.parent" time="13.940" errors="0" timestamp="2024-06-18T09:43:40 IST" skipped="0">
  <testcase classname="Day02_07062024.parent" name="setup" time="13.940"/>
</testsuite> <!-- Day02_07062024.parent -->
